<?xml version="1.0" encoding="UTF-8"?>
<testng-results skipped="0" failed="0" ignored="1" total="3" passed="2">
  <reporter-output>
  </reporter-output>
  <suite name="Suite" duration-ms="6960" started-at="2019-11-19T06:29:43Z" finished-at="2019-11-19T06:29:50Z">
    <groups>
    </groups>
    <test name="Test" duration-ms="6960" started-at="2019-11-19T06:29:43Z" finished-at="2019-11-19T06:29:50Z">
      <class name="dummy.restexample.scripts.TestDummy">
        <test-method status="PASS" signature="testGETDummy()[pri:0, instance:dummy.restexample.scripts.TestDummy@6767c1fc]" name="testGETDummy" duration-ms="5577" started-at="2019-11-19T06:29:43Z" finished-at="2019-11-19T06:29:49Z">
          <reporter-output>
          </reporter-output>
        </test-method> <!-- testGETDummy -->
        <test-method status="PASS" signature="testPOSTDummy()[pri:0, instance:dummy.restexample.scripts.TestDummy@6767c1fc]" name="testPOSTDummy" duration-ms="1360" started-at="2019-11-19T06:29:49Z" finished-at="2019-11-19T06:29:50Z">
          <reporter-output>
          </reporter-output>
        </test-method> <!-- testPOSTDummy -->
      </class> <!-- dummy.restexample.scripts.TestDummy -->
    </test> <!-- Test -->
  </suite> <!-- Suite -->
</testng-results>
