<?xml version="1.0" encoding="UTF-8"?>
<testng-results skipped="0" failed="0" ignored="0" total="1" passed="1">
  <reporter-output>
  </reporter-output>
  <suite name="Suite" duration-ms="2401" started-at="2019-11-14T05:48:58Z" finished-at="2019-11-14T05:49:00Z">
    <groups>
    </groups>
    <test name="Test" duration-ms="2401" started-at="2019-11-14T05:48:58Z" finished-at="2019-11-14T05:49:00Z">
      <class name="dummy.restexample.scripts.TestDummy">
        <test-method status="PASS" signature="testGETDummy()[pri:0, instance:dummy.restexample.scripts.TestDummy@724af044]" name="testGETDummy" duration-ms="2381" started-at="2019-11-14T05:48:58Z" finished-at="2019-11-14T05:49:00Z">
          <reporter-output>
          </reporter-output>
        </test-method> <!-- testGETDummy -->
      </class> <!-- dummy.restexample.scripts.TestDummy -->
    </test> <!-- Test -->
  </suite> <!-- Suite -->
</testng-results>
