<?xml version="1.0" encoding="UTF-8"?>
<!-- Generated by org.testng.reporters.JUnitXMLReporter -->
<testsuite hostname="INAIRDT542648" ignored="1" name="Test" tests="2" failures="0" timestamp="19 Nov 2019 06:29:51 GMT" time="6.96" errors="0">
  <testcase name="testGETDummy" time="5.577" classname="dummy.restexample.scripts.TestDummy"/>
  <testcase name="testPOSTDummy" time="1.36" classname="dummy.restexample.scripts.TestDummy"/>
  <testcase name="testPUTDummy" time="0.0" classname="dummy.restexample.scripts.TestDummy">
    <ignored/>
  </testcase> <!-- testPUTDummy -->
</testsuite> <!-- Test -->
